2021-05-07 12:01:53,655 DEBUG    root            Loaded Command Group: ['gcloud', 'auth']
2021-05-07 12:01:53,683 DEBUG    root            Loaded Command Group: ['gcloud', 'auth', 'login']
2021-05-07 12:01:53,685 DEBUG    root            Running [gcloud.auth.login] with arguments: []
2021-05-07 12:01:55,803 DEBUG    requests_oauthlib.oauth2_session Generated new state TLQJCQzpm7NtWihvaN2cRbfLmog1s3.
2021-05-07 12:01:55,804 INFO     ___FILE_ONLY___ Go to the following link in your browser:

    https://accounts.google.com/o/oauth2/auth?response_type=code&client_id=32555940559.apps.googleusercontent.com&redirect_uri=urn%3Aietf%3Awg%3Aoauth%3A2.0%3Aoob&scope=openid+https%3A%2F%2Fwww.googleapis.com%2Fauth%2Fuserinfo.email+https%3A%2F%2Fwww.googleapis.com%2Fauth%2Fcloud-platform+https%3A%2F%2Fwww.googleapis.com%2Fauth%2Fappengine.admin+https%3A%2F%2Fwww.googleapis.com%2Fauth%2Fcompute+https%3A%2F%2Fwww.googleapis.com%2Fauth%2Faccounts.reauth&state=TLQJCQzpm7NtWihvaN2cRbfLmog1s3&prompt=consent&access_type=offline&code_challenge=tbdUyZOOssZe75t4iZsvNp4WYqUNYIZcT2fx-m06oLc&code_challenge_method=S256


2021-05-07 12:02:13,548 DEBUG    requests_oauthlib.oauth2_session Requesting url https://oauth2.googleapis.com/token using method POST.
2021-05-07 12:02:13,548 DEBUG    requests_oauthlib.oauth2_session Supplying headers {b'Accept': b'application/json', b'Content-Type': b'application/x-www-form-urlencoded;charset=UTF-8', b'user-agent': b'google-cloud-sdk gcloud/336.0.0 command/gcloud.auth.login invocation-id/af5906233f3d4d1a8537692b5b2e88a0 environment/GCE environment-version/None interactive/True from-script/False python/3.7.3 term/xterm-256color (Linux 4.19.0-16-cloud-amd64)'} and data {'grant_type': 'authorization_code', 'client_id': '32555940559.apps.googleusercontent.com', 'client_secret': 'ZmssLNjJy2998hD4CTg2ejr2', 'code': '4/1AY0e-g6LDKnjrZqr11cebxkgZeUnRB6Bw-6IVxi6K6lbCfiA1aVkmS66H4Q', 'redirect_uri': 'urn:ietf:wg:oauth:2.0:oob', 'code_verifier': 'PflG-O4evxRx5qCrMU5SX5wBb4uYQcbYGJoOB6bx81BYQSzL34AwWFDeSSgb3D8~g4AcPqX6cSOK-FfHrfBu18.hjPceYgA4lWQkDj2-5dMSDm4zb~kwn9O55VTn0-YR'}
2021-05-07 12:02:13,548 DEBUG    requests_oauthlib.oauth2_session Passing through key word arguments {'json': None, 'timeout': None, 'auth': None, 'verify': True, 'proxies': None}.
2021-05-07 12:02:13,550 DEBUG    urllib3.connectionpool Starting new HTTPS connection (1): oauth2.googleapis.com:443
2021-05-07 12:02:13,663 DEBUG    urllib3.connectionpool https://oauth2.googleapis.com:443 "POST /token HTTP/1.1" 200 None
2021-05-07 12:02:13,665 DEBUG    requests_oauthlib.oauth2_session Prepared fetch token request body grant_type=authorization_code&client_id=32555940559.apps.googleusercontent.com&client_secret=ZmssLNjJy2998hD4CTg2ejr2&code=4%2F1AY0e-g6LDKnjrZqr11cebxkgZeUnRB6Bw-6IVxi6K6lbCfiA1aVkmS66H4Q&redirect_uri=urn%3Aietf%3Awg%3Aoauth%3A2.0%3Aoob&code_verifier=PflG-O4evxRx5qCrMU5SX5wBb4uYQcbYGJoOB6bx81BYQSzL34AwWFDeSSgb3D8~g4AcPqX6cSOK-FfHrfBu18.hjPceYgA4lWQkDj2-5dMSDm4zb~kwn9O55VTn0-YR
2021-05-07 12:02:13,665 DEBUG    requests_oauthlib.oauth2_session Request to fetch token completed with status 200.
2021-05-07 12:02:13,665 DEBUG    requests_oauthlib.oauth2_session Request headers were {'user-agent': b'google-cloud-sdk gcloud/336.0.0 command/gcloud.auth.login invocation-id/af5906233f3d4d1a8537692b5b2e88a0 environment/GCE environment-version/None interactive/True from-script/False python/3.7.3 term/xterm-256color (Linux 4.19.0-16-cloud-amd64)', 'Accept-Encoding': 'gzip, deflate', 'Accept': b'application/json', 'Connection': 'keep-alive', 'Content-Type': b'application/x-www-form-urlencoded;charset=UTF-8', 'Content-Length': '379'}
2021-05-07 12:02:13,665 DEBUG    requests_oauthlib.oauth2_session Request body was grant_type=authorization_code&client_id=32555940559.apps.googleusercontent.com&client_secret=ZmssLNjJy2998hD4CTg2ejr2&code=4%2F1AY0e-g6LDKnjrZqr11cebxkgZeUnRB6Bw-6IVxi6K6lbCfiA1aVkmS66H4Q&redirect_uri=urn%3Aietf%3Awg%3Aoauth%3A2.0%3Aoob&code_verifier=PflG-O4evxRx5qCrMU5SX5wBb4uYQcbYGJoOB6bx81BYQSzL34AwWFDeSSgb3D8~g4AcPqX6cSOK-FfHrfBu18.hjPceYgA4lWQkDj2-5dMSDm4zb~kwn9O55VTn0-YR
2021-05-07 12:02:13,665 DEBUG    requests_oauthlib.oauth2_session Response headers were {'Date': 'Fri, 07 May 2021 12:02:13 GMT', 'Expires': 'Mon, 01 Jan 1990 00:00:00 GMT', 'Cache-Control': 'no-cache, no-store, max-age=0, must-revalidate', 'Pragma': 'no-cache', 'Content-Type': 'application/json; charset=utf-8', 'Vary': 'Origin, X-Origin, Referer', 'Content-Encoding': 'gzip', 'Server': 'scaffolding on HTTPServer2', 'X-XSS-Protection': '0', 'X-Frame-Options': 'SAMEORIGIN', 'X-Content-Type-Options': 'nosniff', 'Transfer-Encoding': 'chunked'} and content {
  "access_token": "ya29.a0AfH6SMDzwFU6ZdE2WE5UmVfJg0J0Xfzh9ntIBz21BCp12yIuc3Lbexu4YdQL0VLiEqw-Jy2_WxoTaExN0e9HL4Tv5NKtoFi8pZnIKN8iY7ohePOGDjhS9ACZOYrJd_NXAIzPDcjlF7YX7ofuIlZCAwL7Ahl3rjtiqCK5",
  "expires_in": 3599,
  "refresh_token": "1//04PXR2zjpY7zaCgYIARAAGAQSNwF-L9IrJhXbxwJqqJly7YOC9Vsh8v0XdCggsBxl11lbi4iHfeqp1jNJNq3sHzAF6bnPadIy4kk",
  "scope": "https://www.googleapis.com/auth/cloud-platform https://www.googleapis.com/auth/userinfo.email https://www.googleapis.com/auth/appengine.admin https://www.googleapis.com/auth/accounts.reauth openid https://www.googleapis.com/auth/compute",
  "token_type": "Bearer",
  "id_token": "eyJhbGciOiJSUzI1NiIsImtpZCI6IjY5ZWQ1N2Y0MjQ0OTEyODJhMTgwMjBmZDU4NTk1NGI3MGJiNDVhZTAiLCJ0eXAiOiJKV1QifQ.eyJpc3MiOiJodHRwczovL2FjY291bnRzLmdvb2dsZS5jb20iLCJhenAiOiIzMjU1NTk0MDU1OS5hcHBzLmdvb2dsZXVzZXJjb250ZW50LmNvbSIsImF1ZCI6IjMyNTU1OTQwNTU5LmFwcHMuZ29vZ2xldXNlcmNvbnRlbnQuY29tIiwic3ViIjoiMTA3MjM3NjY4NDM5OTQ1NDE4MjgxIiwiZW1haWwiOiJkd2lqZXNobTNAZ21haWwuY29tIiwiZW1haWxfdmVyaWZpZWQiOnRydWUsImF0X2hhc2giOiJVS210RDg5eU5waThhdkZwemM0Q0l3IiwiaWF0IjoxNjIwMzg4OTMzLCJleHAiOjE2MjAzOTI1MzN9.qjlA38a_CV5_3x0qYNXFlENvvlIZSh6LsShVFFtHBUF6_gi1Ax6x5-QMnnfbVeJ-PgiojsDllgyJjhhjt-iL_tVDStzUjHKqcstzzzngIJJeIIlB_KkJYHbARFXv2ZRh1aYQP7bYEWLO4GRes-yFr1fyKYd6eLOT8ASY3DQyrUUQgqxAyqYf5tgD3VdnMH_So4QQcJPh3ZP3XXIbT3zPKx8V0Jqq3h_ybk1UksA5Tn-CEikJPe_uSmAaLKTExvV8fyzG_60cIDezK8OP46ZPbeGfyD7S61M686CP0vdOWLM5O60aKb91gfYHI1XvJk7bMCC5g3HsHrivO9w0rOJsDQ"
}.
2021-05-07 12:02:13,665 DEBUG    requests_oauthlib.oauth2_session Invoking 0 token response hooks.
2021-05-07 12:02:13,665 DEBUG    requests_oauthlib.oauth2_session Obtained token {'access_token': 'ya29.a0AfH6SMDzwFU6ZdE2WE5UmVfJg0J0Xfzh9ntIBz21BCp12yIuc3Lbexu4YdQL0VLiEqw-Jy2_WxoTaExN0e9HL4Tv5NKtoFi8pZnIKN8iY7ohePOGDjhS9ACZOYrJd_NXAIzPDcjlF7YX7ofuIlZCAwL7Ahl3rjtiqCK5', 'expires_in': 3599, 'refresh_token': '1//04PXR2zjpY7zaCgYIARAAGAQSNwF-L9IrJhXbxwJqqJly7YOC9Vsh8v0XdCggsBxl11lbi4iHfeqp1jNJNq3sHzAF6bnPadIy4kk', 'scope': ['https://www.googleapis.com/auth/cloud-platform', 'https://www.googleapis.com/auth/userinfo.email', 'https://www.googleapis.com/auth/appengine.admin', 'https://www.googleapis.com/auth/accounts.reauth', 'openid', 'https://www.googleapis.com/auth/compute'], 'token_type': 'Bearer', 'id_token': 'eyJhbGciOiJSUzI1NiIsImtpZCI6IjY5ZWQ1N2Y0MjQ0OTEyODJhMTgwMjBmZDU4NTk1NGI3MGJiNDVhZTAiLCJ0eXAiOiJKV1QifQ.eyJpc3MiOiJodHRwczovL2FjY291bnRzLmdvb2dsZS5jb20iLCJhenAiOiIzMjU1NTk0MDU1OS5hcHBzLmdvb2dsZXVzZXJjb250ZW50LmNvbSIsImF1ZCI6IjMyNTU1OTQwNTU5LmFwcHMuZ29vZ2xldXNlcmNvbnRlbnQuY29tIiwic3ViIjoiMTA3MjM3NjY4NDM5OTQ1NDE4MjgxIiwiZW1haWwiOiJkd2lqZXNobTNAZ21haWwuY29tIiwiZW1haWxfdmVyaWZpZWQiOnRydWUsImF0X2hhc2giOiJVS210RDg5eU5waThhdkZwemM0Q0l3IiwiaWF0IjoxNjIwMzg4OTMzLCJleHAiOjE2MjAzOTI1MzN9.qjlA38a_CV5_3x0qYNXFlENvvlIZSh6LsShVFFtHBUF6_gi1Ax6x5-QMnnfbVeJ-PgiojsDllgyJjhhjt-iL_tVDStzUjHKqcstzzzngIJJeIIlB_KkJYHbARFXv2ZRh1aYQP7bYEWLO4GRes-yFr1fyKYd6eLOT8ASY3DQyrUUQgqxAyqYf5tgD3VdnMH_So4QQcJPh3ZP3XXIbT3zPKx8V0Jqq3h_ybk1UksA5Tn-CEikJPe_uSmAaLKTExvV8fyzG_60cIDezK8OP46ZPbeGfyD7S61M686CP0vdOWLM5O60aKb91gfYHI1XvJk7bMCC5g3HsHrivO9w0rOJsDQ', 'expires_at': 1620392532.6658432}.
2021-05-07 12:02:13,703 INFO     ___FILE_ONLY___ 
You are now logged in as [dwijeshm3@gmail.com].
Your current project is [asnbile].  You can change this setting by running:
  $ gcloud config set project PROJECT_ID

2021-05-07 12:02:13,705 INFO     root            Display format: "none"
2021-05-07 12:02:13,774 DEBUG    root            SDK update checks are disabled.
